mode: atomic
github.com/91go/docs-alfred/main.go:12.13,14.2 1 0
github.com/91go/docs-alfred/pkg/goods/goods.go:26.48,28.6 2 0
github.com/91go/docs-alfred/pkg/goods/goods.go:28.6,32.41 2 0
github.com/91go/docs-alfred/pkg/goods/goods.go:32.41,34.30 1 0
github.com/91go/docs-alfred/pkg/goods/goods.go:34.30,35.10 1 0
github.com/91go/docs-alfred/pkg/goods/goods.go:37.4,37.14 1 0
github.com/91go/docs-alfred/pkg/goods/goods.go:39.3,39.28 1 0
github.com/91go/docs-alfred/pkg/goods/goods.go:42.2,42.11 1 0
github.com/91go/docs-alfred/pkg/gh/api.go:14.50,18.2 2 0
github.com/91go/docs-alfred/pkg/gh/api.go:21.85,29.6 3 0
github.com/91go/docs-alfred/pkg/gh/api.go:29.6,31.17 2 0
github.com/91go/docs-alfred/pkg/gh/api.go:31.17,33.4 1 0
github.com/91go/docs-alfred/pkg/gh/api.go:34.3,34.34 1 0
github.com/91go/docs-alfred/pkg/gh/api.go:34.34,36.4 1 0
github.com/91go/docs-alfred/pkg/gh/api.go:37.3,37.25 1 0
github.com/91go/docs-alfred/pkg/gh/api.go:37.25,38.9 1 0
github.com/91go/docs-alfred/pkg/gh/api.go:40.3,40.39 1 0
github.com/91go/docs-alfred/pkg/gh/api.go:43.2,43.19 1 0
github.com/91go/docs-alfred/pkg/gh/api.go:46.82,54.6 3 0
github.com/91go/docs-alfred/pkg/gh/api.go:54.6,56.17 2 0
github.com/91go/docs-alfred/pkg/gh/api.go:56.17,58.4 1 0
github.com/91go/docs-alfred/pkg/gh/api.go:59.3,60.25 2 0
github.com/91go/docs-alfred/pkg/gh/api.go:60.25,61.9 1 0
github.com/91go/docs-alfred/pkg/gh/api.go:63.3,63.39 1 0
github.com/91go/docs-alfred/pkg/gh/api.go:66.2,66.19 1 0
github.com/91go/docs-alfred/pkg/gh/api.go:90.50,93.16 3 0
github.com/91go/docs-alfred/pkg/gh/api.go:93.16,95.3 1 0
github.com/91go/docs-alfred/pkg/gh/api.go:96.2,96.28 1 0
github.com/91go/docs-alfred/pkg/gh/db.go:26.45,28.16 2 0
github.com/91go/docs-alfred/pkg/gh/db.go:28.16,30.3 1 0
github.com/91go/docs-alfred/pkg/gh/db.go:32.2,32.50 1 0
github.com/91go/docs-alfred/pkg/gh/db.go:32.50,34.3 1 0
github.com/91go/docs-alfred/pkg/gh/db.go:36.2,36.16 1 0
github.com/91go/docs-alfred/pkg/gh/db.go:39.39,41.2 1 0
github.com/91go/docs-alfred/pkg/gh/db.go:76.23,78.2 1 0
github.com/91go/docs-alfred/pkg/gh/db.go:80.57,82.16 2 0
github.com/91go/docs-alfred/pkg/gh/db.go:82.16,84.3 1 0
github.com/91go/docs-alfred/pkg/gh/db.go:86.2,87.16 2 0
github.com/91go/docs-alfred/pkg/gh/db.go:87.16,89.3 1 0
github.com/91go/docs-alfred/pkg/gh/db.go:91.2,91.18 1 0
github.com/91go/docs-alfred/pkg/gh/db.go:91.18,95.17 4 0
github.com/91go/docs-alfred/pkg/gh/db.go:95.17,97.4 1 0
github.com/91go/docs-alfred/pkg/gh/db.go:98.3,105.5 1 0
github.com/91go/docs-alfred/pkg/gh/db.go:108.2,108.12 1 0
github.com/91go/docs-alfred/pkg/gh/db.go:133.74,136.16 2 0
github.com/91go/docs-alfred/pkg/gh/db.go:136.16,138.3 1 0
github.com/91go/docs-alfred/pkg/gh/db.go:141.2,142.16 2 0
github.com/91go/docs-alfred/pkg/gh/db.go:142.16,144.3 1 0
github.com/91go/docs-alfred/pkg/gh/db.go:146.2,147.16 2 0
github.com/91go/docs-alfred/pkg/gh/db.go:147.16,149.3 1 0
github.com/91go/docs-alfred/pkg/gh/db.go:151.2,152.16 2 0
github.com/91go/docs-alfred/pkg/gh/db.go:152.16,154.3 1 0
github.com/91go/docs-alfred/pkg/gh/db.go:156.2,159.58 3 0
github.com/91go/docs-alfred/pkg/gh/db.go:159.58,182.17 4 0
github.com/91go/docs-alfred/pkg/gh/db.go:182.17,184.4 1 0
github.com/91go/docs-alfred/pkg/gh/db.go:185.3,187.18 3 0
github.com/91go/docs-alfred/pkg/gh/db.go:190.2,191.16 2 0
github.com/91go/docs-alfred/pkg/gh/db.go:191.16,193.3 1 0
github.com/91go/docs-alfred/pkg/gh/db.go:196.2,196.26 1 0
github.com/91go/docs-alfred/pkg/gh/db.go:196.26,197.51 1 0
github.com/91go/docs-alfred/pkg/gh/db.go:197.51,204.18 3 0
github.com/91go/docs-alfred/pkg/gh/db.go:204.18,206.5 1 0
github.com/91go/docs-alfred/pkg/gh/db.go:211.2,211.29 1 0
github.com/91go/docs-alfred/pkg/gh/db.go:214.38,215.14 1 0
github.com/91go/docs-alfred/pkg/gh/db.go:215.14,217.3 1 0
github.com/91go/docs-alfred/pkg/gh/db.go:218.2,218.11 1 0
github.com/91go/docs-alfred/pkg/gh/db.go:221.49,222.14 1 0
github.com/91go/docs-alfred/pkg/gh/db.go:222.14,224.3 1 0
github.com/91go/docs-alfred/pkg/gh/db.go:225.2,225.16 1 0
github.com/91go/docs-alfred/pkg/gh/gh.go:40.43,44.6 3 0
github.com/91go/docs-alfred/pkg/gh/gh.go:44.6,48.41 2 0
github.com/91go/docs-alfred/pkg/gh/gh.go:48.41,50.30 1 0
github.com/91go/docs-alfred/pkg/gh/gh.go:50.30,51.10 1 0
github.com/91go/docs-alfred/pkg/gh/gh.go:53.4,53.14 1 0
github.com/91go/docs-alfred/pkg/gh/gh.go:55.3,55.30 1 0
github.com/91go/docs-alfred/pkg/gh/gh.go:58.2,58.12 1 0
github.com/91go/docs-alfred/pkg/gh/gh.go:62.39,64.28 2 0
github.com/91go/docs-alfred/pkg/gh/gh.go:64.28,65.37 1 0
github.com/91go/docs-alfred/pkg/gh/gh.go:65.37,66.41 1 0
github.com/91go/docs-alfred/pkg/gh/gh.go:66.41,73.5 6 0
github.com/91go/docs-alfred/pkg/gh/gh.go:73.10,75.5 1 0
github.com/91go/docs-alfred/pkg/gh/gh.go:79.2,79.14 1 0
github.com/91go/docs-alfred/cmd/f.go:23.51,24.29 1 0
github.com/91go/docs-alfred/cmd/f.go:24.29,27.59 3 0
github.com/91go/docs-alfred/cmd/f.go:27.59,29.5 1 0
github.com/91go/docs-alfred/cmd/f.go:32.47,34.3 1 0
github.com/91go/docs-alfred/cmd/f.go:37.13,53.2 5 0
github.com/91go/docs-alfred/cmd/f.go:69.47,72.17 3 0
github.com/91go/docs-alfred/cmd/f.go:72.17,74.4 1 0
github.com/91go/docs-alfred/cmd/f.go:76.3,77.31 2 0
github.com/91go/docs-alfred/cmd/f.go:77.31,79.18 2 0
github.com/91go/docs-alfred/cmd/f.go:79.18,81.5 1 0
github.com/91go/docs-alfred/cmd/f.go:82.4,82.40 1 0
github.com/91go/docs-alfred/cmd/f.go:85.3,87.30 2 0
github.com/91go/docs-alfred/cmd/f.go:87.30,119.22 6 0
github.com/91go/docs-alfred/cmd/f.go:119.22,123.5 3 0
github.com/91go/docs-alfred/cmd/f.go:125.4,125.23 1 0
github.com/91go/docs-alfred/cmd/f.go:125.23,127.34 2 0
github.com/91go/docs-alfred/cmd/f.go:127.34,128.22 1 0
github.com/91go/docs-alfred/cmd/f.go:128.22,130.7 1 0
github.com/91go/docs-alfred/cmd/f.go:130.12,132.7 1 0
github.com/91go/docs-alfred/cmd/f.go:134.5,136.22 3 0
github.com/91go/docs-alfred/cmd/f.go:139.4,139.41 1 0
github.com/91go/docs-alfred/cmd/f.go:139.41,140.20 1 0
github.com/91go/docs-alfred/cmd/f.go:140.20,142.6 1 0
github.com/91go/docs-alfred/cmd/f.go:142.11,144.6 1 0
github.com/91go/docs-alfred/cmd/f.go:147.4,154.77 2 0
github.com/91go/docs-alfred/cmd/f.go:157.3,157.20 1 0
github.com/91go/docs-alfred/cmd/f.go:157.20,159.4 1 0
github.com/91go/docs-alfred/cmd/f.go:161.3,171.20 3 0
github.com/91go/docs-alfred/cmd/f.go:179.47,181.31 2 0
github.com/91go/docs-alfred/cmd/f.go:181.31,183.18 2 0
github.com/91go/docs-alfred/cmd/f.go:183.18,185.5 1 0
github.com/91go/docs-alfred/cmd/f.go:186.4,186.32 1 0
github.com/91go/docs-alfred/cmd/f.go:188.3,188.24 1 0
github.com/91go/docs-alfred/cmd/f.go:188.24,192.22 3 0
github.com/91go/docs-alfred/cmd/f.go:192.22,210.31 2 0
github.com/91go/docs-alfred/cmd/f.go:210.31,212.6 1 0
github.com/91go/docs-alfred/cmd/f.go:213.5,213.75 1 0
github.com/91go/docs-alfred/cmd/f.go:215.4,215.19 1 0
github.com/91go/docs-alfred/cmd/f.go:215.19,218.5 2 0
github.com/91go/docs-alfred/cmd/f.go:219.4,219.106 1 0
github.com/91go/docs-alfred/cmd/f.go:222.3,222.20 1 0
github.com/91go/docs-alfred/cmd/f.go:222.20,224.4 1 0
github.com/91go/docs-alfred/cmd/f.go:226.3,226.20 1 0
github.com/91go/docs-alfred/cmd/f.go:235.47,238.28 2 0
github.com/91go/docs-alfred/cmd/f.go:238.28,239.32 1 0
github.com/91go/docs-alfred/cmd/f.go:239.32,244.5 2 0
github.com/91go/docs-alfred/cmd/f.go:247.3,247.20 1 0
github.com/91go/docs-alfred/cmd/f.go:247.20,249.4 1 0
github.com/91go/docs-alfred/cmd/f.go:250.3,250.20 1 0
github.com/91go/docs-alfred/cmd/f.go:254.49,256.26 2 0
github.com/91go/docs-alfred/cmd/f.go:256.26,258.3 1 0
github.com/91go/docs-alfred/cmd/f.go:259.2,259.25 1 0
github.com/91go/docs-alfred/cmd/f.go:267.47,269.14 2 0
github.com/91go/docs-alfred/cmd/f.go:269.14,271.4 1 0
github.com/91go/docs-alfred/cmd/f.go:273.3,275.26 3 0
github.com/91go/docs-alfred/cmd/f.go:275.26,277.4 1 0
github.com/91go/docs-alfred/cmd/f.go:283.3,283.20 1 0
github.com/91go/docs-alfred/cmd/root.go:19.29,21.34 2 0
github.com/91go/docs-alfred/cmd/root.go:21.34,23.3 1 0
github.com/91go/docs-alfred/cmd/root.go:30.47,32.3 1 0
github.com/91go/docs-alfred/cmd/root.go:37.16,38.16 1 0
github.com/91go/docs-alfred/cmd/root.go:38.16,39.43 1 0
github.com/91go/docs-alfred/cmd/root.go:39.43,42.4 2 0
github.com/91go/docs-alfred/cmd/root.go:48.13,54.2 3 0
github.com/91go/docs-alfred/cmd/sync.go:19.47,21.16 2 0
github.com/91go/docs-alfred/cmd/sync.go:21.16,23.18 2 0
github.com/91go/docs-alfred/cmd/sync.go:23.18,26.5 2 0
github.com/91go/docs-alfred/cmd/sync.go:27.4,30.18 3 0
github.com/91go/docs-alfred/cmd/sync.go:30.18,32.5 1 0
github.com/91go/docs-alfred/cmd/sync.go:33.4,34.18 2 0
github.com/91go/docs-alfred/cmd/sync.go:34.18,36.5 1 0
github.com/91go/docs-alfred/cmd/sync.go:39.3,39.18 1 0
github.com/91go/docs-alfred/cmd/sync.go:40.17,43.84 3 0
github.com/91go/docs-alfred/cmd/sync.go:43.84,48.5 1 0
github.com/91go/docs-alfred/cmd/sync.go:49.11,49.11 0 0
github.com/91go/docs-alfred/cmd/sync.go:53.3,53.40 1 0
github.com/91go/docs-alfred/cmd/sync.go:57.13,69.2 1 0
github.com/91go/docs-alfred/cmd/update.go:16.23,17.57 1 0
github.com/91go/docs-alfred/cmd/update.go:17.57,20.64 3 0
github.com/91go/docs-alfred/cmd/update.go:20.64,22.4 1 0
github.com/91go/docs-alfred/cmd/update.go:25.2,25.26 1 0
github.com/91go/docs-alfred/cmd/update.go:25.26,32.3 2 0
github.com/91go/docs-alfred/cmd/update.go:39.47,40.34 1 0
github.com/91go/docs-alfred/cmd/update.go:40.34,43.46 3 0
github.com/91go/docs-alfred/cmd/update.go:43.46,45.5 1 0
github.com/91go/docs-alfred/cmd/update.go:46.9,48.4 1 0
github.com/91go/docs-alfred/cmd/update.go:52.13,54.2 1 0
github.com/91go/docs-alfred/pkg/gh/secret/store.go:21.45,23.16 2 0
github.com/91go/docs-alfred/pkg/gh/secret/store.go:23.16,25.3 1 0
github.com/91go/docs-alfred/pkg/gh/secret/store.go:27.2,27.52 1 0
github.com/91go/docs-alfred/pkg/gh/secret/store.go:31.39,35.2 1 0
github.com/91go/docs-alfred/pkg/gh/secret/store.go:38.56,40.16 2 0
github.com/91go/docs-alfred/pkg/gh/secret/store.go:40.16,42.3 1 0
github.com/91go/docs-alfred/pkg/gh/secret/store.go:44.2,44.41 1 0
github.com/91go/docs-alfred/pkg/gh/secret/store.go:48.49,50.16 2 0
github.com/91go/docs-alfred/pkg/gh/secret/store.go:50.16,51.14 1 0
github.com/91go/docs-alfred/pkg/gh/secret/store.go:52.29,53.18 1 0
github.com/91go/docs-alfred/pkg/gh/secret/store.go:54.11,55.18 1 0
github.com/91go/docs-alfred/pkg/gh/secret/store.go:59.2,59.33 1 0
github.com/91go/docs-alfred/pkg/gh/secret/store.go:63.47,65.2 1 0
github.com/91go/docs-alfred/pkg/gh/secret/store.go:68.42,70.16 2 0
github.com/91go/docs-alfred/pkg/gh/secret/store.go:70.16,72.3 1 0
github.com/91go/docs-alfred/pkg/gh/secret/store.go:74.2,74.36 1 0
github.com/91go/docs-alfred/pkg/ws/yml.go:24.36,27.16 3 0
github.com/91go/docs-alfred/pkg/ws/yml.go:27.16,30.3 2 0
github.com/91go/docs-alfred/pkg/ws/yml.go:31.2,32.24 2 0
github.com/91go/docs-alfred/pkg/ws/yml.go:32.24,33.29 1 0
github.com/91go/docs-alfred/pkg/ws/yml.go:33.29,34.19 1 0
github.com/91go/docs-alfred/pkg/ws/yml.go:34.19,36.5 1 0
github.com/91go/docs-alfred/pkg/ws/yml.go:36.10,38.5 1 0
github.com/91go/docs-alfred/pkg/ws/yml.go:41.2,41.11 1 0
github.com/91go/docs-alfred/pkg/ws/yml.go:44.28,46.16 2 0
github.com/91go/docs-alfred/pkg/ws/yml.go:46.16,48.3 1 0
github.com/91go/docs-alfred/pkg/ws/yml.go:49.2,49.13 1 0
github.com/91go/docs-alfred/pkg/ws/yml.go:52.49,54.16 2 0
github.com/91go/docs-alfred/pkg/ws/yml.go:54.16,56.3 1 0
github.com/91go/docs-alfred/pkg/ws/yml.go:57.2,67.16 3 0
github.com/91go/docs-alfred/pkg/ws/yml.go:67.16,69.3 1 0
github.com/91go/docs-alfred/pkg/ws/yml.go:70.2,74.16 3 0
github.com/91go/docs-alfred/pkg/ws/yml.go:74.16,76.3 1 0
github.com/91go/docs-alfred/pkg/ws/yml.go:78.2,78.12 1 0
github.com/91go/docs-alfred/pkg/ws/yml.go:81.54,85.20 3 0
github.com/91go/docs-alfred/pkg/ws/yml.go:85.20,87.3 1 0
github.com/91go/docs-alfred/pkg/ws/yml.go:98.2,99.27 2 0
github.com/91go/docs-alfred/pkg/ws/yml.go:99.27,101.31 2 0
github.com/91go/docs-alfred/pkg/ws/yml.go:101.31,102.139 1 0
github.com/91go/docs-alfred/pkg/ws/yml.go:102.139,104.5 1 0
github.com/91go/docs-alfred/pkg/ws/yml.go:106.3,106.22 1 0
github.com/91go/docs-alfred/pkg/ws/yml.go:109.2,109.17 1 0
