mode: atomic
github.com/91go/yaml2md/main.go:8.13,10.2 1 0
github.com/91go/yaml2md/cmd/gh.go:90.47,92.17 2 0
github.com/91go/yaml2md/cmd/gh.go:92.17,94.4 1 0
github.com/91go/yaml2md/cmd/gh.go:96.3,113.24 4 0
github.com/91go/yaml2md/cmd/gh.go:113.24,114.12 1 0
github.com/91go/yaml2md/cmd/gh.go:114.12,116.20 2 0
github.com/91go/yaml2md/cmd/gh.go:116.20,118.6 1 0
github.com/91go/yaml2md/cmd/gh.go:120.5,120.34 1 0
github.com/91go/yaml2md/cmd/gh.go:120.34,122.24 2 0
github.com/91go/yaml2md/cmd/gh.go:122.24,124.7 1 0
github.com/91go/yaml2md/cmd/gh.go:125.6,125.24 1 0
github.com/91go/yaml2md/cmd/gh.go:125.24,126.33 1 0
github.com/91go/yaml2md/cmd/gh.go:126.33,128.23 2 0
github.com/91go/yaml2md/cmd/gh.go:128.23,130.9 1 0
github.com/91go/yaml2md/cmd/gh.go:138.3,139.17 2 0
github.com/91go/yaml2md/cmd/gh.go:139.17,141.4 1 0
github.com/91go/yaml2md/cmd/gh.go:143.3,143.59 1 0
github.com/91go/yaml2md/cmd/gh.go:147.43,150.23 2 0
github.com/91go/yaml2md/cmd/gh.go:150.23,151.16 1 0
github.com/91go/yaml2md/cmd/gh.go:151.16,153.4 1 0
github.com/91go/yaml2md/cmd/gh.go:153.9,155.4 1 0
github.com/91go/yaml2md/cmd/gh.go:159.2,159.25 1 0
github.com/91go/yaml2md/cmd/gh.go:162.13,174.2 1 0
github.com/91go/yaml2md/cmd/md.go:29.47,31.17 2 0
github.com/91go/yaml2md/cmd/md.go:31.17,33.4 1 0
github.com/91go/yaml2md/cmd/md.go:34.3,39.17 4 0
github.com/91go/yaml2md/cmd/md.go:39.17,41.4 1 0
github.com/91go/yaml2md/cmd/md.go:42.3,45.17 3 0
github.com/91go/yaml2md/cmd/md.go:45.17,47.4 1 0
github.com/91go/yaml2md/cmd/md.go:49.3,49.59 1 0
github.com/91go/yaml2md/cmd/md.go:58.13,74.2 4 0
github.com/91go/yaml2md/cmd/md.go:76.19,77.19 1 0
github.com/91go/yaml2md/cmd/md.go:77.19,80.3 1 0
github.com/91go/yaml2md/cmd/md.go:80.8,83.3 2 0
github.com/91go/yaml2md/cmd/md.go:85.2,88.45 2 0
github.com/91go/yaml2md/cmd/md.go:88.45,90.3 1 0
github.com/91go/yaml2md/cmd/root.go:20.16,22.16 2 0
github.com/91go/yaml2md/cmd/root.go:22.16,24.3 1 0
github.com/91go/yaml2md/cmd/root.go:27.13,37.2 1 0
github.com/91go/yaml2md/pkg/qs/qs.go:22.38,24.6 2 0
github.com/91go/yaml2md/pkg/qs/qs.go:24.6,28.41 2 0
github.com/91go/yaml2md/pkg/qs/qs.go:28.41,30.30 1 0
github.com/91go/yaml2md/pkg/qs/qs.go:30.30,31.10 1 0
github.com/91go/yaml2md/pkg/qs/qs.go:33.4,33.14 1 0
github.com/91go/yaml2md/pkg/qs/qs.go:35.3,35.28 1 0
github.com/91go/yaml2md/pkg/qs/qs.go:38.2,38.11 1 0
github.com/91go/yaml2md/pkg/qs/qs.go:42.43,43.24 1 0
github.com/91go/yaml2md/pkg/qs/qs.go:43.24,48.3 1 0
github.com/91go/yaml2md/pkg/qs/qs.go:49.2,49.8 1 0
github.com/91go/yaml2md/pkg/qs/qs.go:52.57,53.24 1 0
github.com/91go/yaml2md/pkg/qs/qs.go:53.24,54.21 1 0
github.com/91go/yaml2md/pkg/qs/qs.go:54.21,59.4 1 0
github.com/91go/yaml2md/pkg/qs/qs.go:61.2,61.8 1 0
github.com/91go/yaml2md/pkg/qs/qs.go:64.44,65.60 1 0
github.com/91go/yaml2md/pkg/qs/qs.go:65.60,67.3 1 0
github.com/91go/yaml2md/pkg/qs/qs.go:70.49,71.24 1 0
github.com/91go/yaml2md/pkg/qs/qs.go:71.24,72.74 1 0
github.com/91go/yaml2md/pkg/qs/qs.go:72.74,74.4 1 0
github.com/91go/yaml2md/pkg/qs/qs.go:77.2,77.12 1 0
github.com/91go/yaml2md/pkg/qs/qs.go:166.46,171.24 2 0
github.com/91go/yaml2md/pkg/qs/qs.go:171.24,174.25 2 0
github.com/91go/yaml2md/pkg/qs/qs.go:174.25,175.32 1 0
github.com/91go/yaml2md/pkg/qs/qs.go:175.32,179.10 3 0
github.com/91go/yaml2md/pkg/qs/qs.go:184.3,184.13 1 0
github.com/91go/yaml2md/pkg/qs/qs.go:184.13,189.4 1 0
github.com/91go/yaml2md/pkg/qs/qs.go:192.2,192.15 1 0
github.com/91go/yaml2md/pkg/gh/gh.go:62.43,66.6 3 0
github.com/91go/yaml2md/pkg/gh/gh.go:66.6,70.41 2 0
github.com/91go/yaml2md/pkg/gh/gh.go:70.41,72.30 1 0
github.com/91go/yaml2md/pkg/gh/gh.go:72.30,73.10 1 0
github.com/91go/yaml2md/pkg/gh/gh.go:75.4,75.14 1 0
github.com/91go/yaml2md/pkg/gh/gh.go:77.3,77.30 1 0
github.com/91go/yaml2md/pkg/gh/gh.go:80.2,80.12 1 0
github.com/91go/yaml2md/pkg/gh/gh.go:84.39,86.28 2 0
github.com/91go/yaml2md/pkg/gh/gh.go:86.28,87.37 1 0
github.com/91go/yaml2md/pkg/gh/gh.go:87.37,88.41 1 0
github.com/91go/yaml2md/pkg/gh/gh.go:88.41,106.14 2 0
github.com/91go/yaml2md/pkg/gh/gh.go:106.14,108.26 2 0
github.com/91go/yaml2md/pkg/gh/gh.go:108.26,114.7 5 0
github.com/91go/yaml2md/pkg/gh/gh.go:114.12,116.7 1 0
github.com/91go/yaml2md/pkg/gh/gh.go:117.11,119.6 1 0
github.com/91go/yaml2md/pkg/gh/gh.go:120.10,122.5 1 0
github.com/91go/yaml2md/pkg/gh/gh.go:126.2,126.14 1 0
github.com/91go/yaml2md/pkg/gh/gh.go:129.47,131.26 2 0
github.com/91go/yaml2md/pkg/gh/gh.go:131.26,132.13 1 0
github.com/91go/yaml2md/pkg/gh/gh.go:132.13,134.35 2 0
github.com/91go/yaml2md/pkg/gh/gh.go:134.35,135.23 1 0
github.com/91go/yaml2md/pkg/gh/gh.go:135.23,138.6 2 0
github.com/91go/yaml2md/pkg/gh/gh.go:140.4,141.48 2 0
github.com/91go/yaml2md/pkg/gh/gh.go:144.2,144.23 1 0
github.com/91go/yaml2md/pkg/gh/gh.go:148.59,151.16 2 0
github.com/91go/yaml2md/pkg/gh/gh.go:151.16,153.3 1 0
github.com/91go/yaml2md/pkg/gh/gh.go:156.2,161.22 3 0
github.com/91go/yaml2md/pkg/gh/gh.go:164.51,166.25 2 0
github.com/91go/yaml2md/pkg/gh/gh.go:166.25,169.3 2 0
github.com/91go/yaml2md/pkg/gh/gh.go:170.2,170.12 1 0
